<?xml version="1.0" encoding="UTF-8"?>
<testsuite name="org.sunovivid.hellospringbootagain.springboot.web.HelloControllerTest" tests="1" skipped="0" failures="0" errors="0" timestamp="2020-12-06T05:46:52" hostname="DESKTOP-R882LF8" time="0.323">
  <properties/>
  <testcase name="hello가_리턴된다" classname="org.sunovivid.hellospringbootagain.springboot.web.HelloControllerTest" time="0.323"/>
  <system-out><![CDATA[14:46:49.072 [Test worker] DEBUG org.springframework.test.context.junit4.SpringJUnit4ClassRunner - SpringJUnit4ClassRunner constructor called with [class org.sunovivid.hellospringbootagain.springboot.web.HelloControllerTest]
14:46:49.078 [Test worker] DEBUG org.springframework.test.context.BootstrapUtils - Instantiating CacheAwareContextLoaderDelegate from class [org.springframework.test.context.cache.DefaultCacheAwareContextLoaderDelegate]
14:46:49.087 [Test worker] DEBUG org.springframework.test.context.BootstrapUtils - Instantiating BootstrapContext using constructor [public org.springframework.test.context.support.DefaultBootstrapContext(java.lang.Class,org.springframework.test.context.CacheAwareContextLoaderDelegate)]
14:46:49.105 [Test worker] DEBUG org.springframework.test.context.BootstrapUtils - Instantiating TestContextBootstrapper for test class [org.sunovivid.hellospringbootagain.springboot.web.HelloControllerTest] from class [org.springframework.boot.test.autoconfigure.web.servlet.WebMvcTestContextBootstrapper]
14:46:49.125 [Test worker] INFO org.springframework.boot.test.autoconfigure.web.servlet.WebMvcTestContextBootstrapper - Neither @ContextConfiguration nor @ContextHierarchy found for test class [org.sunovivid.hellospringbootagain.springboot.web.HelloControllerTest], using SpringBootContextLoader
14:46:49.129 [Test worker] DEBUG org.springframework.test.context.support.AbstractContextLoader - Did not detect default resource location for test class [org.sunovivid.hellospringbootagain.springboot.web.HelloControllerTest]: class path resource [org/sunovivid/hellospringbootagain/springboot/web/HelloControllerTest-context.xml] does not exist
14:46:49.129 [Test worker] DEBUG org.springframework.test.context.support.AbstractContextLoader - Did not detect default resource location for test class [org.sunovivid.hellospringbootagain.springboot.web.HelloControllerTest]: class path resource [org/sunovivid/hellospringbootagain/springboot/web/HelloControllerTestContext.groovy] does not exist
14:46:49.130 [Test worker] INFO org.springframework.test.context.support.AbstractContextLoader - Could not detect default resource locations for test class [org.sunovivid.hellospringbootagain.springboot.web.HelloControllerTest]: no resource found for suffixes {-context.xml, Context.groovy}.
14:46:49.130 [Test worker] INFO org.springframework.test.context.support.AnnotationConfigContextLoaderUtils - Could not detect default configuration classes for test class [org.sunovivid.hellospringbootagain.springboot.web.HelloControllerTest]: HelloControllerTest does not declare any static, non-private, non-final, nested classes annotated with @Configuration.
14:46:49.196 [Test worker] DEBUG org.springframework.test.context.support.ActiveProfilesUtils - Could not find an 'annotation declaring class' for annotation type [org.springframework.test.context.ActiveProfiles] and class [org.sunovivid.hellospringbootagain.springboot.web.HelloControllerTest]
14:46:49.276 [Test worker] DEBUG org.springframework.context.annotation.ClassPathScanningCandidateComponentProvider - Identified candidate component class: file [C:\Users\W24878\IdeaProjects\HelloSpringBoot\build\classes\java\main\org\sunovivid\hellospringbootagain\springboot\Application.class]
14:46:49.278 [Test worker] INFO org.springframework.boot.test.context.SpringBootTestContextBootstrapper - Found @SpringBootConfiguration org.sunovivid.hellospringbootagain.springboot.Application for test class org.sunovivid.hellospringbootagain.springboot.web.HelloControllerTest
14:46:49.280 [Test worker] DEBUG org.springframework.boot.test.autoconfigure.web.servlet.WebMvcTestContextBootstrapper - @TestExecutionListeners is not present for class [org.sunovivid.hellospringbootagain.springboot.web.HelloControllerTest]: using defaults.
14:46:49.280 [Test worker] INFO org.springframework.boot.test.autoconfigure.web.servlet.WebMvcTestContextBootstrapper - Loaded default TestExecutionListener class names from location [META-INF/spring.factories]: [org.springframework.security.test.context.support.WithSecurityContextTestExecutionListener, org.springframework.security.test.context.support.ReactorContextTestExecutionListener, org.springframework.boot.test.autoconfigure.restdocs.RestDocsTestExecutionListener, org.springframework.boot.test.autoconfigure.web.client.MockRestServiceServerResetTestExecutionListener, org.springframework.boot.test.autoconfigure.web.servlet.MockMvcPrintOnlyOnFailureTestExecutionListener, org.springframework.boot.test.autoconfigure.web.servlet.WebDriverTestExecutionListener, org.springframework.boot.test.mock.mockito.MockitoTestExecutionListener, org.springframework.boot.test.mock.mockito.ResetMocksTestExecutionListener, org.springframework.test.context.web.ServletTestExecutionListener, org.springframework.test.context.support.DirtiesContextBeforeModesTestExecutionListener, org.springframework.test.context.support.DependencyInjectionTestExecutionListener, org.springframework.test.context.support.DirtiesContextTestExecutionListener, org.springframework.test.context.transaction.TransactionalTestExecutionListener, org.springframework.test.context.jdbc.SqlScriptsTestExecutionListener]
14:46:49.308 [Test worker] INFO org.springframework.boot.test.autoconfigure.web.servlet.WebMvcTestContextBootstrapper - Using TestExecutionListeners: [org.springframework.test.context.web.ServletTestExecutionListener@1580b50f, org.springframework.test.context.support.DirtiesContextBeforeModesTestExecutionListener@4ccfe771, org.springframework.boot.test.mock.mockito.MockitoTestExecutionListener@798649e, org.springframework.boot.test.autoconfigure.SpringBootDependencyInjectionTestExecutionListener@1e4825ec, org.springframework.test.context.support.DirtiesContextTestExecutionListener@e70c3e7, org.springframework.test.context.transaction.TransactionalTestExecutionListener@3db75937, org.springframework.test.context.jdbc.SqlScriptsTestExecutionListener@794f768b, org.springframework.security.test.context.support.WithSecurityContextTestExecutionListener@26775b0b, org.springframework.security.test.context.support.ReactorContextTestExecutionListener@2e90cbd9, org.springframework.boot.test.autoconfigure.restdocs.RestDocsTestExecutionListener@296941dd, org.springframework.boot.test.autoconfigure.web.client.MockRestServiceServerResetTestExecutionListener@2b909155, org.springframework.boot.test.autoconfigure.web.servlet.MockMvcPrintOnlyOnFailureTestExecutionListener@37a3382f, org.springframework.boot.test.autoconfigure.web.servlet.WebDriverTestExecutionListener@1f45e301, org.springframework.boot.test.mock.mockito.ResetMocksTestExecutionListener@7c413e9d]
14:46:49.312 [Test worker] DEBUG org.springframework.test.annotation.ProfileValueUtils - Retrieved @ProfileValueSourceConfiguration [null] for test class [org.sunovivid.hellospringbootagain.springboot.web.HelloControllerTest]
14:46:49.313 [Test worker] DEBUG org.springframework.test.annotation.ProfileValueUtils - Retrieved ProfileValueSource type [class org.springframework.test.annotation.SystemProfileValueSource] for class [org.sunovivid.hellospringbootagain.springboot.web.HelloControllerTest]
14:46:49.316 [Test worker] DEBUG org.springframework.test.annotation.ProfileValueUtils - Retrieved @ProfileValueSourceConfiguration [null] for test class [org.sunovivid.hellospringbootagain.springboot.web.HelloControllerTest]
14:46:49.317 [Test worker] DEBUG org.springframework.test.annotation.ProfileValueUtils - Retrieved ProfileValueSource type [class org.springframework.test.annotation.SystemProfileValueSource] for class [org.sunovivid.hellospringbootagain.springboot.web.HelloControllerTest]
14:46:49.318 [Test worker] DEBUG org.springframework.test.annotation.ProfileValueUtils - Retrieved @ProfileValueSourceConfiguration [null] for test class [org.sunovivid.hellospringbootagain.springboot.web.HelloControllerTest]
14:46:49.318 [Test worker] DEBUG org.springframework.test.annotation.ProfileValueUtils - Retrieved ProfileValueSource type [class org.springframework.test.annotation.SystemProfileValueSource] for class [org.sunovivid.hellospringbootagain.springboot.web.HelloControllerTest]
14:46:49.322 [Test worker] DEBUG org.springframework.test.context.support.AbstractDirtiesContextTestExecutionListener - Before test class: context [DefaultTestContext@37446218 testClass = HelloControllerTest, testInstance = [null], testMethod = [null], testException = [null], mergedContextConfiguration = [WebMergedContextConfiguration@4369079 testClass = HelloControllerTest, locations = '{}', classes = '{class org.sunovivid.hellospringbootagain.springboot.Application}', contextInitializerClasses = '[]', activeProfiles = '{}', propertySourceLocations = '{}', propertySourceProperties = '{org.springframework.boot.test.autoconfigure.web.servlet.WebMvcTestContextBootstrapper=true}', contextCustomizers = set[org.springframework.boot.test.autoconfigure.OverrideAutoConfigurationContextCustomizerFactory$DisableAutoConfigurationContextCustomizer@17f5e51a, org.springframework.boot.test.autoconfigure.filter.TypeExcludeFiltersContextCustomizer@792ef3f5, org.springframework.boot.test.autoconfigure.properties.PropertyMappingContextCustomizer@a81c48a2, org.springframework.boot.test.autoconfigure.web.servlet.WebDriverContextCustomizerFactory$Customizer@2fb727b0, [ImportsContextCustomizer@54f4a29c key = [org.springframework.boot.autoconfigure.cache.CacheAutoConfiguration, org.springframework.boot.autoconfigure.context.MessageSourceAutoConfiguration, org.springframework.boot.autoconfigure.data.web.SpringDataWebAutoConfiguration, org.springframework.boot.autoconfigure.freemarker.FreeMarkerAutoConfiguration, org.springframework.boot.autoconfigure.groovy.template.GroovyTemplateAutoConfiguration, org.springframework.boot.autoconfigure.gson.GsonAutoConfiguration, org.springframework.boot.autoconfigure.hateoas.HypermediaAutoConfiguration, org.springframework.boot.autoconfigure.http.HttpMessageConvertersAutoConfiguration, org.springframework.boot.autoconfigure.jackson.JacksonAutoConfiguration, org.springframework.boot.autoconfigure.jsonb.JsonbAutoConfiguration, org.springframework.boot.autoconfigure.mustache.MustacheAutoConfiguration, org.springframework.boot.autoconfigure.task.TaskExecutionAutoConfiguration, org.springframework.boot.autoconfigure.thymeleaf.ThymeleafAutoConfiguration, org.springframework.boot.autoconfigure.validation.ValidationAutoConfiguration, org.springframework.boot.autoconfigure.web.servlet.error.ErrorMvcAutoConfiguration, org.springframework.boot.autoconfigure.web.servlet.WebMvcAutoConfiguration, org.springframework.boot.test.autoconfigure.web.servlet.MockMvcAutoConfiguration, org.springframework.boot.test.autoconfigure.web.servlet.MockMvcSecurityAutoConfiguration, org.springframework.boot.test.autoconfigure.web.servlet.MockMvcWebClientAutoConfiguration, org.springframework.boot.test.autoconfigure.web.servlet.MockMvcWebDriverAutoConfiguration]], org.springframework.boot.test.context.filter.ExcludeFilterContextCustomizer@4a8110e5, org.springframework.boot.test.json.DuplicateJsonObjectContextCustomizerFactory$DuplicateJsonObjectContextCustomizer@53929c48, org.springframework.boot.test.mock.mockito.MockitoContextCustomizer@0], resourceBasePath = 'src/main/webapp', contextLoader = 'org.springframework.boot.test.context.SpringBootContextLoader', parent = [null]], attributes = map[[empty]]], class annotated with @DirtiesContext [false] with mode [null].
14:46:49.323 [Test worker] DEBUG org.springframework.test.annotation.ProfileValueUtils - Retrieved @ProfileValueSourceConfiguration [null] for test class [org.sunovivid.hellospringbootagain.springboot.web.HelloControllerTest]
14:46:49.324 [Test worker] DEBUG org.springframework.test.annotation.ProfileValueUtils - Retrieved ProfileValueSource type [class org.springframework.test.annotation.SystemProfileValueSource] for class [org.sunovivid.hellospringbootagain.springboot.web.HelloControllerTest]
14:46:49.328 [Test worker] DEBUG org.springframework.test.context.support.DependencyInjectionTestExecutionListener - Performing dependency injection for test context [[DefaultTestContext@37446218 testClass = HelloControllerTest, testInstance = org.sunovivid.hellospringbootagain.springboot.web.HelloControllerTest@6dd0f8d, testMethod = [null], testException = [null], mergedContextConfiguration = [WebMergedContextConfiguration@4369079 testClass = HelloControllerTest, locations = '{}', classes = '{class org.sunovivid.hellospringbootagain.springboot.Application}', contextInitializerClasses = '[]', activeProfiles = '{}', propertySourceLocations = '{}', propertySourceProperties = '{org.springframework.boot.test.autoconfigure.web.servlet.WebMvcTestContextBootstrapper=true}', contextCustomizers = set[org.springframework.boot.test.autoconfigure.OverrideAutoConfigurationContextCustomizerFactory$DisableAutoConfigurationContextCustomizer@17f5e51a, org.springframework.boot.test.autoconfigure.filter.TypeExcludeFiltersContextCustomizer@792ef3f5, org.springframework.boot.test.autoconfigure.properties.PropertyMappingContextCustomizer@a81c48a2, org.springframework.boot.test.autoconfigure.web.servlet.WebDriverContextCustomizerFactory$Customizer@2fb727b0, [ImportsContextCustomizer@54f4a29c key = [org.springframework.boot.autoconfigure.cache.CacheAutoConfiguration, org.springframework.boot.autoconfigure.context.MessageSourceAutoConfiguration, org.springframework.boot.autoconfigure.data.web.SpringDataWebAutoConfiguration, org.springframework.boot.autoconfigure.freemarker.FreeMarkerAutoConfiguration, org.springframework.boot.autoconfigure.groovy.template.GroovyTemplateAutoConfiguration, org.springframework.boot.autoconfigure.gson.GsonAutoConfiguration, org.springframework.boot.autoconfigure.hateoas.HypermediaAutoConfiguration, org.springframework.boot.autoconfigure.http.HttpMessageConvertersAutoConfiguration, org.springframework.boot.autoconfigure.jackson.JacksonAutoConfiguration, org.springframework.boot.autoconfigure.jsonb.JsonbAutoConfiguration, org.springframework.boot.autoconfigure.mustache.MustacheAutoConfiguration, org.springframework.boot.autoconfigure.task.TaskExecutionAutoConfiguration, org.springframework.boot.autoconfigure.thymeleaf.ThymeleafAutoConfiguration, org.springframework.boot.autoconfigure.validation.ValidationAutoConfiguration, org.springframework.boot.autoconfigure.web.servlet.error.ErrorMvcAutoConfiguration, org.springframework.boot.autoconfigure.web.servlet.WebMvcAutoConfiguration, org.springframework.boot.test.autoconfigure.web.servlet.MockMvcAutoConfiguration, org.springframework.boot.test.autoconfigure.web.servlet.MockMvcSecurityAutoConfiguration, org.springframework.boot.test.autoconfigure.web.servlet.MockMvcWebClientAutoConfiguration, org.springframework.boot.test.autoconfigure.web.servlet.MockMvcWebDriverAutoConfiguration]], org.springframework.boot.test.context.filter.ExcludeFilterContextCustomizer@4a8110e5, org.springframework.boot.test.json.DuplicateJsonObjectContextCustomizerFactory$DuplicateJsonObjectContextCustomizer@53929c48, org.springframework.boot.test.mock.mockito.MockitoContextCustomizer@0], resourceBasePath = 'src/main/webapp', contextLoader = 'org.springframework.boot.test.context.SpringBootContextLoader', parent = [null]], attributes = map[[empty]]]].
14:46:49.460 [Test worker] DEBUG org.springframework.test.context.support.TestPropertySourceUtils - Adding inlined properties to environment: {spring.jmx.enabled=false, org.springframework.boot.test.autoconfigure.web.servlet.WebMvcTestContextBootstrapper=true, server.port=-1}

  .   ____          _            __ _ _
 /\\ / ___'_ __ _ _(_)_ __  __ _ \ \ \ \
( ( )\___ | '_ | '_| | '_ \/ _` | \ \ \ \
 \\/  ___)| |_)| | | | | || (_| |  ) ) ) )
  '  |____| .__|_| |_|_| |_\__, | / / / /
 =========|_|==============|___/=/_/_/_/
 :: Spring Boot ::        (v2.1.9.RELEASE)

2020-12-06 14:46:49.800  INFO 7372 --- [    Test worker] o.s.h.s.web.HelloControllerTest          : Starting HelloControllerTest on DESKTOP-R882LF8 with PID 7372 (started by W24878 in C:\Users\W24878\IdeaProjects\HelloSpringBoot)
2020-12-06 14:46:49.801  INFO 7372 --- [    Test worker] o.s.h.s.web.HelloControllerTest          : The following profiles are active: oauth
2020-12-06 14:46:51.232  INFO 7372 --- [    Test worker] o.s.s.concurrent.ThreadPoolTaskExecutor  : Initializing ExecutorService 'applicationTaskExecutor'
2020-12-06 14:46:51.346  INFO 7372 --- [    Test worker] o.s.b.a.w.s.WelcomePageHandlerMapping    : Adding welcome page template: index
2020-12-06 14:46:51.800  INFO 7372 --- [    Test worker] .s.s.UserDetailsServiceAutoConfiguration : 

Using generated security password: 7dd0c75e-a48e-4e16-84fa-2fb3bd3e2b11

2020-12-06 14:46:52.091  INFO 7372 --- [    Test worker] o.s.s.web.DefaultSecurityFilterChain     : Creating filter chain: any request, [org.springframework.security.web.context.request.async.WebAsyncManagerIntegrationFilter@2f08d4cc, org.springframework.security.web.context.SecurityContextPersistenceFilter@4fe2f420, org.springframework.security.web.header.HeaderWriterFilter@74a9ab57, org.springframework.security.web.csrf.CsrfFilter@793912fa, org.springframework.security.web.authentication.logout.LogoutFilter@4706b73f, org.springframework.security.web.authentication.UsernamePasswordAuthenticationFilter@6aa7691c, org.springframework.security.web.authentication.ui.DefaultLoginPageGeneratingFilter@6ef51db5, org.springframework.security.web.authentication.ui.DefaultLogoutPageGeneratingFilter@6865b47a, org.springframework.security.web.authentication.www.BasicAuthenticationFilter@14c35f1, org.springframework.security.web.savedrequest.RequestCacheAwareFilter@77c09b0b, org.springframework.security.web.servletapi.SecurityContextHolderAwareRequestFilter@61db4476, org.springframework.security.web.authentication.AnonymousAuthenticationFilter@186814dc, org.springframework.security.web.session.SessionManagementFilter@63c662cd, org.springframework.security.web.access.ExceptionTranslationFilter@2ff4fd74, org.springframework.security.web.access.intercept.FilterSecurityInterceptor@4d2c493c]
2020-12-06 14:46:52.145  INFO 7372 --- [    Test worker] o.s.b.t.m.w.SpringBootMockServletContext : Initializing Spring TestDispatcherServlet ''
2020-12-06 14:46:52.146  INFO 7372 --- [    Test worker] o.s.t.web.servlet.TestDispatcherServlet  : Initializing Servlet ''
2020-12-06 14:46:52.163  INFO 7372 --- [    Test worker] o.s.t.web.servlet.TestDispatcherServlet  : Completed initialization in 17 ms
2020-12-06 14:46:52.214  INFO 7372 --- [    Test worker] o.s.h.s.web.HelloControllerTest          : Started HelloControllerTest in 2.744 seconds (JVM running for 3.813)
]]></system-out>
  <system-err><![CDATA[]]></system-err>
</testsuite>
