<?xml version="1.0" encoding="UTF-8"?>
<testsuite name="org.sunovivid.hellospringbootagain.springboot.web.domain.posts.PostsRepositoryTest" tests="1" skipped="0" failures="0" errors="0" timestamp="2020-11-29T05:16:16" hostname="DESKTOP-U41GKO3" time="0.464">
  <properties/>
  <testcase name="BaseTimeEntity_등록" classname="org.sunovivid.hellospringbootagain.springboot.web.domain.posts.PostsRepositoryTest" time="0.464"/>
  <system-out><![CDATA[14:16:11.113 [Test worker] DEBUG org.springframework.test.context.junit4.SpringJUnit4ClassRunner - SpringJUnit4ClassRunner constructor called with [class org.sunovivid.hellospringbootagain.springboot.web.domain.posts.PostsRepositoryTest]
14:16:11.126 [Test worker] DEBUG org.springframework.test.context.BootstrapUtils - Instantiating CacheAwareContextLoaderDelegate from class [org.springframework.test.context.cache.DefaultCacheAwareContextLoaderDelegate]
14:16:11.140 [Test worker] DEBUG org.springframework.test.context.BootstrapUtils - Instantiating BootstrapContext using constructor [public org.springframework.test.context.support.DefaultBootstrapContext(java.lang.Class,org.springframework.test.context.CacheAwareContextLoaderDelegate)]
14:16:11.159 [Test worker] DEBUG org.springframework.test.context.BootstrapUtils - Instantiating TestContextBootstrapper for test class [org.sunovivid.hellospringbootagain.springboot.web.domain.posts.PostsRepositoryTest] from class [org.springframework.boot.test.context.SpringBootTestContextBootstrapper]
14:16:11.176 [Test worker] INFO org.springframework.boot.test.context.SpringBootTestContextBootstrapper - Neither @ContextConfiguration nor @ContextHierarchy found for test class [org.sunovivid.hellospringbootagain.springboot.web.domain.posts.PostsRepositoryTest], using SpringBootContextLoader
14:16:11.181 [Test worker] DEBUG org.springframework.test.context.support.AbstractContextLoader - Did not detect default resource location for test class [org.sunovivid.hellospringbootagain.springboot.web.domain.posts.PostsRepositoryTest]: class path resource [org/sunovivid/hellospringbootagain/springboot/web/domain/posts/PostsRepositoryTest-context.xml] does not exist
14:16:11.183 [Test worker] DEBUG org.springframework.test.context.support.AbstractContextLoader - Did not detect default resource location for test class [org.sunovivid.hellospringbootagain.springboot.web.domain.posts.PostsRepositoryTest]: class path resource [org/sunovivid/hellospringbootagain/springboot/web/domain/posts/PostsRepositoryTestContext.groovy] does not exist
14:16:11.184 [Test worker] INFO org.springframework.test.context.support.AbstractContextLoader - Could not detect default resource locations for test class [org.sunovivid.hellospringbootagain.springboot.web.domain.posts.PostsRepositoryTest]: no resource found for suffixes {-context.xml, Context.groovy}.
14:16:11.186 [Test worker] INFO org.springframework.test.context.support.AnnotationConfigContextLoaderUtils - Could not detect default configuration classes for test class [org.sunovivid.hellospringbootagain.springboot.web.domain.posts.PostsRepositoryTest]: PostsRepositoryTest does not declare any static, non-private, non-final, nested classes annotated with @Configuration.
14:16:11.233 [Test worker] DEBUG org.springframework.test.context.support.ActiveProfilesUtils - Could not find an 'annotation declaring class' for annotation type [org.springframework.test.context.ActiveProfiles] and class [org.sunovivid.hellospringbootagain.springboot.web.domain.posts.PostsRepositoryTest]
14:16:11.337 [Test worker] DEBUG org.springframework.context.annotation.ClassPathScanningCandidateComponentProvider - Identified candidate component class: file [C:\workspace\HelloSpringBootAgain\build\classes\java\main\org\sunovivid\hellospringbootagain\springboot\Application.class]
14:16:11.340 [Test worker] INFO org.springframework.boot.test.context.SpringBootTestContextBootstrapper - Found @SpringBootConfiguration org.sunovivid.hellospringbootagain.springboot.Application for test class org.sunovivid.hellospringbootagain.springboot.web.domain.posts.PostsRepositoryTest
14:16:11.444 [Test worker] DEBUG org.springframework.boot.test.context.SpringBootTestContextBootstrapper - @TestExecutionListeners is not present for class [org.sunovivid.hellospringbootagain.springboot.web.domain.posts.PostsRepositoryTest]: using defaults.
14:16:11.446 [Test worker] INFO org.springframework.boot.test.context.SpringBootTestContextBootstrapper - Loaded default TestExecutionListener class names from location [META-INF/spring.factories]: [org.springframework.boot.test.autoconfigure.restdocs.RestDocsTestExecutionListener, org.springframework.boot.test.autoconfigure.web.client.MockRestServiceServerResetTestExecutionListener, org.springframework.boot.test.autoconfigure.web.servlet.MockMvcPrintOnlyOnFailureTestExecutionListener, org.springframework.boot.test.autoconfigure.web.servlet.WebDriverTestExecutionListener, org.springframework.boot.test.mock.mockito.MockitoTestExecutionListener, org.springframework.boot.test.mock.mockito.ResetMocksTestExecutionListener, org.springframework.test.context.web.ServletTestExecutionListener, org.springframework.test.context.support.DirtiesContextBeforeModesTestExecutionListener, org.springframework.test.context.support.DependencyInjectionTestExecutionListener, org.springframework.test.context.support.DirtiesContextTestExecutionListener, org.springframework.test.context.transaction.TransactionalTestExecutionListener, org.springframework.test.context.jdbc.SqlScriptsTestExecutionListener]
14:16:11.466 [Test worker] INFO org.springframework.boot.test.context.SpringBootTestContextBootstrapper - Using TestExecutionListeners: [org.springframework.test.context.web.ServletTestExecutionListener@4922d830, org.springframework.test.context.support.DirtiesContextBeforeModesTestExecutionListener@14ee9126, org.springframework.boot.test.mock.mockito.MockitoTestExecutionListener@6af4c077, org.springframework.boot.test.autoconfigure.SpringBootDependencyInjectionTestExecutionListener@47c852e0, org.springframework.test.context.support.DirtiesContextTestExecutionListener@1874e171, org.springframework.test.context.transaction.TransactionalTestExecutionListener@78f324f8, org.springframework.test.context.jdbc.SqlScriptsTestExecutionListener@34c8b4e9, org.springframework.boot.test.autoconfigure.restdocs.RestDocsTestExecutionListener@3192bfc2, org.springframework.boot.test.autoconfigure.web.client.MockRestServiceServerResetTestExecutionListener@e52afe8, org.springframework.boot.test.autoconfigure.web.servlet.MockMvcPrintOnlyOnFailureTestExecutionListener@6fe78e3e, org.springframework.boot.test.autoconfigure.web.servlet.WebDriverTestExecutionListener@1ef900d7, org.springframework.boot.test.mock.mockito.ResetMocksTestExecutionListener@3a31d065]
14:16:11.469 [Test worker] DEBUG org.springframework.test.annotation.ProfileValueUtils - Retrieved @ProfileValueSourceConfiguration [null] for test class [org.sunovivid.hellospringbootagain.springboot.web.domain.posts.PostsRepositoryTest]
14:16:11.470 [Test worker] DEBUG org.springframework.test.annotation.ProfileValueUtils - Retrieved ProfileValueSource type [class org.springframework.test.annotation.SystemProfileValueSource] for class [org.sunovivid.hellospringbootagain.springboot.web.domain.posts.PostsRepositoryTest]
14:16:11.474 [Test worker] DEBUG org.springframework.test.annotation.ProfileValueUtils - Retrieved @ProfileValueSourceConfiguration [null] for test class [org.sunovivid.hellospringbootagain.springboot.web.domain.posts.PostsRepositoryTest]
14:16:11.474 [Test worker] DEBUG org.springframework.test.annotation.ProfileValueUtils - Retrieved ProfileValueSource type [class org.springframework.test.annotation.SystemProfileValueSource] for class [org.sunovivid.hellospringbootagain.springboot.web.domain.posts.PostsRepositoryTest]
14:16:11.475 [Test worker] DEBUG org.springframework.test.annotation.ProfileValueUtils - Retrieved @ProfileValueSourceConfiguration [null] for test class [org.sunovivid.hellospringbootagain.springboot.web.domain.posts.PostsRepositoryTest]
14:16:11.475 [Test worker] DEBUG org.springframework.test.annotation.ProfileValueUtils - Retrieved ProfileValueSource type [class org.springframework.test.annotation.SystemProfileValueSource] for class [org.sunovivid.hellospringbootagain.springboot.web.domain.posts.PostsRepositoryTest]
14:16:11.479 [Test worker] DEBUG org.springframework.test.context.support.AbstractDirtiesContextTestExecutionListener - Before test class: context [DefaultTestContext@1b004926 testClass = PostsRepositoryTest, testInstance = [null], testMethod = [null], testException = [null], mergedContextConfiguration = [WebMergedContextConfiguration@3e43558b testClass = PostsRepositoryTest, locations = '{}', classes = '{class org.sunovivid.hellospringbootagain.springboot.Application}', contextInitializerClasses = '[]', activeProfiles = '{}', propertySourceLocations = '{}', propertySourceProperties = '{org.springframework.boot.test.context.SpringBootTestContextBootstrapper=true}', contextCustomizers = set[org.springframework.boot.test.autoconfigure.properties.PropertyMappingContextCustomizer@0, org.springframework.boot.test.autoconfigure.web.servlet.WebDriverContextCustomizerFactory$Customizer@76e8e62a, org.springframework.boot.test.context.filter.ExcludeFilterContextCustomizer@515adc0e, org.springframework.boot.test.json.DuplicateJsonObjectContextCustomizerFactory$DuplicateJsonObjectContextCustomizer@644c5eda, org.springframework.boot.test.mock.mockito.MockitoContextCustomizer@0, org.springframework.boot.test.web.client.TestRestTemplateContextCustomizer@5624d08e], resourceBasePath = 'src/main/webapp', contextLoader = 'org.springframework.boot.test.context.SpringBootContextLoader', parent = [null]], attributes = map['org.springframework.test.context.web.ServletTestExecutionListener.activateListener' -> true]], class annotated with @DirtiesContext [false] with mode [null].
14:16:11.480 [Test worker] DEBUG org.springframework.test.annotation.ProfileValueUtils - Retrieved @ProfileValueSourceConfiguration [null] for test class [org.sunovivid.hellospringbootagain.springboot.web.domain.posts.PostsRepositoryTest]
14:16:11.480 [Test worker] DEBUG org.springframework.test.annotation.ProfileValueUtils - Retrieved ProfileValueSource type [class org.springframework.test.annotation.SystemProfileValueSource] for class [org.sunovivid.hellospringbootagain.springboot.web.domain.posts.PostsRepositoryTest]
14:16:11.504 [Test worker] DEBUG org.springframework.test.context.support.TestPropertySourceUtils - Adding inlined properties to environment: {spring.jmx.enabled=false, org.springframework.boot.test.context.SpringBootTestContextBootstrapper=true, server.port=-1}

  .   ____          _            __ _ _
 /\\ / ___'_ __ _ _(_)_ __  __ _ \ \ \ \
( ( )\___ | '_ | '_| | '_ \/ _` | \ \ \ \
 \\/  ___)| |_)| | | | | || (_| |  ) ) ) )
  '  |____| .__|_| |_|_| |_\__, | / / / /
 =========|_|==============|___/=/_/_/_/
 :: Spring Boot ::        (v2.1.9.RELEASE)

2020-11-29 14:16:11.811  INFO 6948 --- [    Test worker] o.s.h.s.w.d.posts.PostsRepositoryTest    : Starting PostsRepositoryTest on DESKTOP-U41GKO3 with PID 6948 (started by W24876 in C:\workspace\HelloSpringBootAgain)
2020-11-29 14:16:11.812  INFO 6948 --- [    Test worker] o.s.h.s.w.d.posts.PostsRepositoryTest    : No active profile set, falling back to default profiles: default
2020-11-29 14:16:12.657  INFO 6948 --- [    Test worker] .s.d.r.c.RepositoryConfigurationDelegate : Bootstrapping Spring Data repositories in DEFAULT mode.
2020-11-29 14:16:12.736  INFO 6948 --- [    Test worker] .s.d.r.c.RepositoryConfigurationDelegate : Finished Spring Data repository scanning in 67ms. Found 1 repository interfaces.
2020-11-29 14:16:13.106  INFO 6948 --- [    Test worker] trationDelegate$BeanPostProcessorChecker : Bean 'org.springframework.transaction.annotation.ProxyTransactionManagementConfiguration' of type [org.springframework.transaction.annotation.ProxyTransactionManagementConfiguration$$EnhancerBySpringCGLIB$$44d7f966] is not eligible for getting processed by all BeanPostProcessors (for example: not eligible for auto-proxying)
2020-11-29 14:16:13.342  INFO 6948 --- [    Test worker] com.zaxxer.hikari.HikariDataSource       : HikariPool-1 - Starting...
2020-11-29 14:16:13.580  INFO 6948 --- [    Test worker] com.zaxxer.hikari.HikariDataSource       : HikariPool-1 - Start completed.
2020-11-29 14:16:13.710  INFO 6948 --- [    Test worker] o.hibernate.jpa.internal.util.LogHelper  : HHH000204: Processing PersistenceUnitInfo [
	name: default
	...]
2020-11-29 14:16:13.848  INFO 6948 --- [    Test worker] org.hibernate.Version                    : HHH000412: Hibernate Core {5.3.12.Final}
2020-11-29 14:16:13.850  INFO 6948 --- [    Test worker] org.hibernate.cfg.Environment            : HHH000206: hibernate.properties not found
2020-11-29 14:16:14.141  INFO 6948 --- [    Test worker] o.hibernate.annotations.common.Version   : HCANN000001: Hibernate Commons Annotations {5.0.4.Final}
2020-11-29 14:16:14.370  INFO 6948 --- [    Test worker] org.hibernate.dialect.Dialect            : HHH000400: Using dialect: org.hibernate.dialect.MySQL5InnoDBDialect
Hibernate: drop table if exists posts
Hibernate: create table posts (id bigint not null auto_increment, created_date datetime, modified_date datetime, author varchar(255), content TEXT not null, title varchar(500) not null, primary key (id)) engine=InnoDB
2020-11-29 14:16:15.207  INFO 6948 --- [    Test worker] o.h.t.schema.internal.SchemaCreatorImpl  : HHH000476: Executing import script 'org.hibernate.tool.schema.internal.exec.ScriptSourceInputNonExistentImpl@54f6af66'
2020-11-29 14:16:15.210  INFO 6948 --- [    Test worker] j.LocalContainerEntityManagerFactoryBean : Initialized JPA EntityManagerFactory for persistence unit 'default'
2020-11-29 14:16:16.247  INFO 6948 --- [    Test worker] o.s.s.concurrent.ThreadPoolTaskExecutor  : Initializing ExecutorService 'applicationTaskExecutor'
2020-11-29 14:16:16.309  WARN 6948 --- [    Test worker] aWebConfiguration$JpaWebMvcConfiguration : spring.jpa.open-in-view is enabled by default. Therefore, database queries may be performed during view rendering. Explicitly configure spring.jpa.open-in-view to disable this warning
2020-11-29 14:16:16.661  INFO 6948 --- [    Test worker] o.s.h.s.w.d.posts.PostsRepositoryTest    : Started PostsRepositoryTest in 5.144 seconds (JVM running for 6.383)
Hibernate: insert into posts (created_date, modified_date, author, content, title) values (?, ?, ?, ?, ?)
2020-11-29 14:16:16.949  INFO 6948 --- [    Test worker] o.h.h.i.QueryTranslatorFactoryInitiator  : HHH000397: Using ASTQueryTranslatorFactory
Hibernate: select posts0_.id as id1_0_, posts0_.created_date as created_2_0_, posts0_.modified_date as modified3_0_, posts0_.author as author4_0_, posts0_.content as content5_0_, posts0_.title as title6_0_ from posts posts0_
>>>>>>>>> createdDate=2020-11-29T14:16:16.865090, modifiedDate=2020-11-29T14:16:16.865090
Hibernate: select posts0_.id as id1_0_, posts0_.created_date as created_2_0_, posts0_.modified_date as modified3_0_, posts0_.author as author4_0_, posts0_.content as content5_0_, posts0_.title as title6_0_ from posts posts0_
Hibernate: delete from posts where id=?
]]></system-out>
  <system-err><![CDATA[]]></system-err>
</testsuite>
