<?xml version="1.0" encoding="UTF-8"?>
<testsuite name="org.sunovivid.hellospringbootagain.springboot.web.IndexControllerTest" tests="1" skipped="0" failures="0" errors="0" timestamp="2020-11-29T05:27:53" hostname="DESKTOP-U41GKO3" time="0.76">
  <properties/>
  <testcase name="메인페이지_로딩" classname="org.sunovivid.hellospringbootagain.springboot.web.IndexControllerTest" time="0.76"/>
  <system-out><![CDATA[14:27:43.669 [Test worker] DEBUG org.springframework.test.context.junit4.SpringJUnit4ClassRunner - SpringJUnit4ClassRunner constructor called with [class org.sunovivid.hellospringbootagain.springboot.web.IndexControllerTest]
14:27:43.678 [Test worker] DEBUG org.springframework.test.context.BootstrapUtils - Instantiating CacheAwareContextLoaderDelegate from class [org.springframework.test.context.cache.DefaultCacheAwareContextLoaderDelegate]
14:27:43.711 [Test worker] DEBUG org.springframework.test.context.BootstrapUtils - Instantiating BootstrapContext using constructor [public org.springframework.test.context.support.DefaultBootstrapContext(java.lang.Class,org.springframework.test.context.CacheAwareContextLoaderDelegate)]
14:27:43.738 [Test worker] DEBUG org.springframework.test.context.BootstrapUtils - Instantiating TestContextBootstrapper for test class [org.sunovivid.hellospringbootagain.springboot.web.IndexControllerTest] from class [org.springframework.boot.test.context.SpringBootTestContextBootstrapper]
14:27:43.754 [Test worker] INFO org.springframework.boot.test.context.SpringBootTestContextBootstrapper - Neither @ContextConfiguration nor @ContextHierarchy found for test class [org.sunovivid.hellospringbootagain.springboot.web.IndexControllerTest], using SpringBootContextLoader
14:27:43.758 [Test worker] DEBUG org.springframework.test.context.support.AbstractContextLoader - Did not detect default resource location for test class [org.sunovivid.hellospringbootagain.springboot.web.IndexControllerTest]: class path resource [org/sunovivid/hellospringbootagain/springboot/web/IndexControllerTest-context.xml] does not exist
14:27:43.759 [Test worker] DEBUG org.springframework.test.context.support.AbstractContextLoader - Did not detect default resource location for test class [org.sunovivid.hellospringbootagain.springboot.web.IndexControllerTest]: class path resource [org/sunovivid/hellospringbootagain/springboot/web/IndexControllerTestContext.groovy] does not exist
14:27:43.759 [Test worker] INFO org.springframework.test.context.support.AbstractContextLoader - Could not detect default resource locations for test class [org.sunovivid.hellospringbootagain.springboot.web.IndexControllerTest]: no resource found for suffixes {-context.xml, Context.groovy}.
14:27:43.760 [Test worker] INFO org.springframework.test.context.support.AnnotationConfigContextLoaderUtils - Could not detect default configuration classes for test class [org.sunovivid.hellospringbootagain.springboot.web.IndexControllerTest]: IndexControllerTest does not declare any static, non-private, non-final, nested classes annotated with @Configuration.
14:27:43.876 [Test worker] DEBUG org.springframework.test.context.support.ActiveProfilesUtils - Could not find an 'annotation declaring class' for annotation type [org.springframework.test.context.ActiveProfiles] and class [org.sunovivid.hellospringbootagain.springboot.web.IndexControllerTest]
14:27:44.216 [Test worker] DEBUG org.springframework.context.annotation.ClassPathScanningCandidateComponentProvider - Identified candidate component class: file [C:\workspace\HelloSpringBootAgain\build\classes\java\main\org\sunovivid\hellospringbootagain\springboot\Application.class]
14:27:44.218 [Test worker] INFO org.springframework.boot.test.context.SpringBootTestContextBootstrapper - Found @SpringBootConfiguration org.sunovivid.hellospringbootagain.springboot.Application for test class org.sunovivid.hellospringbootagain.springboot.web.IndexControllerTest
14:27:44.388 [Test worker] DEBUG org.springframework.boot.test.context.SpringBootTestContextBootstrapper - @TestExecutionListeners is not present for class [org.sunovivid.hellospringbootagain.springboot.web.IndexControllerTest]: using defaults.
14:27:44.388 [Test worker] INFO org.springframework.boot.test.context.SpringBootTestContextBootstrapper - Loaded default TestExecutionListener class names from location [META-INF/spring.factories]: [org.springframework.boot.test.autoconfigure.restdocs.RestDocsTestExecutionListener, org.springframework.boot.test.autoconfigure.web.client.MockRestServiceServerResetTestExecutionListener, org.springframework.boot.test.autoconfigure.web.servlet.MockMvcPrintOnlyOnFailureTestExecutionListener, org.springframework.boot.test.autoconfigure.web.servlet.WebDriverTestExecutionListener, org.springframework.boot.test.mock.mockito.MockitoTestExecutionListener, org.springframework.boot.test.mock.mockito.ResetMocksTestExecutionListener, org.springframework.test.context.web.ServletTestExecutionListener, org.springframework.test.context.support.DirtiesContextBeforeModesTestExecutionListener, org.springframework.test.context.support.DependencyInjectionTestExecutionListener, org.springframework.test.context.support.DirtiesContextTestExecutionListener, org.springframework.test.context.transaction.TransactionalTestExecutionListener, org.springframework.test.context.jdbc.SqlScriptsTestExecutionListener]
14:27:44.427 [Test worker] INFO org.springframework.boot.test.context.SpringBootTestContextBootstrapper - Using TestExecutionListeners: [org.springframework.test.context.web.ServletTestExecutionListener@825d2f7, org.springframework.test.context.support.DirtiesContextBeforeModesTestExecutionListener@a7629b0, org.springframework.boot.test.mock.mockito.MockitoTestExecutionListener@64310134, org.springframework.boot.test.autoconfigure.SpringBootDependencyInjectionTestExecutionListener@70ffd29d, org.springframework.test.context.support.DirtiesContextTestExecutionListener@566b041f, org.springframework.test.context.transaction.TransactionalTestExecutionListener@6d6b9ccb, org.springframework.test.context.jdbc.SqlScriptsTestExecutionListener@1bf08f3, org.springframework.boot.test.autoconfigure.restdocs.RestDocsTestExecutionListener@f5a4963, org.springframework.boot.test.autoconfigure.web.client.MockRestServiceServerResetTestExecutionListener@11fff6b, org.springframework.boot.test.autoconfigure.web.servlet.MockMvcPrintOnlyOnFailureTestExecutionListener@30a3b647, org.springframework.boot.test.autoconfigure.web.servlet.WebDriverTestExecutionListener@4922d830, org.springframework.boot.test.mock.mockito.ResetMocksTestExecutionListener@14ee9126]
14:27:44.434 [Test worker] DEBUG org.springframework.test.annotation.ProfileValueUtils - Retrieved @ProfileValueSourceConfiguration [null] for test class [org.sunovivid.hellospringbootagain.springboot.web.IndexControllerTest]
14:27:44.434 [Test worker] DEBUG org.springframework.test.annotation.ProfileValueUtils - Retrieved ProfileValueSource type [class org.springframework.test.annotation.SystemProfileValueSource] for class [org.sunovivid.hellospringbootagain.springboot.web.IndexControllerTest]
14:27:44.443 [Test worker] DEBUG org.springframework.test.annotation.ProfileValueUtils - Retrieved @ProfileValueSourceConfiguration [null] for test class [org.sunovivid.hellospringbootagain.springboot.web.IndexControllerTest]
14:27:44.444 [Test worker] DEBUG org.springframework.test.annotation.ProfileValueUtils - Retrieved ProfileValueSource type [class org.springframework.test.annotation.SystemProfileValueSource] for class [org.sunovivid.hellospringbootagain.springboot.web.IndexControllerTest]
14:27:44.446 [Test worker] DEBUG org.springframework.test.annotation.ProfileValueUtils - Retrieved @ProfileValueSourceConfiguration [null] for test class [org.sunovivid.hellospringbootagain.springboot.web.IndexControllerTest]
14:27:44.446 [Test worker] DEBUG org.springframework.test.annotation.ProfileValueUtils - Retrieved ProfileValueSource type [class org.springframework.test.annotation.SystemProfileValueSource] for class [org.sunovivid.hellospringbootagain.springboot.web.IndexControllerTest]
14:27:44.451 [Test worker] DEBUG org.springframework.test.context.support.AbstractDirtiesContextTestExecutionListener - Before test class: context [DefaultTestContext@211ca8c7 testClass = IndexControllerTest, testInstance = [null], testMethod = [null], testException = [null], mergedContextConfiguration = [WebMergedContextConfiguration@ec0333d testClass = IndexControllerTest, locations = '{}', classes = '{class org.sunovivid.hellospringbootagain.springboot.Application}', contextInitializerClasses = '[]', activeProfiles = '{}', propertySourceLocations = '{}', propertySourceProperties = '{org.springframework.boot.test.context.SpringBootTestContextBootstrapper=true, server.port=0}', contextCustomizers = set[org.springframework.boot.test.autoconfigure.properties.PropertyMappingContextCustomizer@0, org.springframework.boot.test.autoconfigure.web.servlet.WebDriverContextCustomizerFactory$Customizer@63050d98, org.springframework.boot.test.context.filter.ExcludeFilterContextCustomizer@38c2b3c, org.springframework.boot.test.json.DuplicateJsonObjectContextCustomizerFactory$DuplicateJsonObjectContextCustomizer@788d3b2c, org.springframework.boot.test.mock.mockito.MockitoContextCustomizer@0, org.springframework.boot.test.web.client.TestRestTemplateContextCustomizer@76fc5c08], resourceBasePath = 'src/main/webapp', contextLoader = 'org.springframework.boot.test.context.SpringBootContextLoader', parent = [null]], attributes = map['org.springframework.test.context.web.ServletTestExecutionListener.activateListener' -> false]], class annotated with @DirtiesContext [false] with mode [null].
14:27:44.452 [Test worker] DEBUG org.springframework.test.annotation.ProfileValueUtils - Retrieved @ProfileValueSourceConfiguration [null] for test class [org.sunovivid.hellospringbootagain.springboot.web.IndexControllerTest]
14:27:44.453 [Test worker] DEBUG org.springframework.test.annotation.ProfileValueUtils - Retrieved ProfileValueSource type [class org.springframework.test.annotation.SystemProfileValueSource] for class [org.sunovivid.hellospringbootagain.springboot.web.IndexControllerTest]
14:27:44.467 [Test worker] DEBUG org.springframework.test.context.support.DependencyInjectionTestExecutionListener - Performing dependency injection for test context [[DefaultTestContext@211ca8c7 testClass = IndexControllerTest, testInstance = org.sunovivid.hellospringbootagain.springboot.web.IndexControllerTest@a59ef0b, testMethod = [null], testException = [null], mergedContextConfiguration = [WebMergedContextConfiguration@ec0333d testClass = IndexControllerTest, locations = '{}', classes = '{class org.sunovivid.hellospringbootagain.springboot.Application}', contextInitializerClasses = '[]', activeProfiles = '{}', propertySourceLocations = '{}', propertySourceProperties = '{org.springframework.boot.test.context.SpringBootTestContextBootstrapper=true, server.port=0}', contextCustomizers = set[org.springframework.boot.test.autoconfigure.properties.PropertyMappingContextCustomizer@0, org.springframework.boot.test.autoconfigure.web.servlet.WebDriverContextCustomizerFactory$Customizer@63050d98, org.springframework.boot.test.context.filter.ExcludeFilterContextCustomizer@38c2b3c, org.springframework.boot.test.json.DuplicateJsonObjectContextCustomizerFactory$DuplicateJsonObjectContextCustomizer@788d3b2c, org.springframework.boot.test.mock.mockito.MockitoContextCustomizer@0, org.springframework.boot.test.web.client.TestRestTemplateContextCustomizer@76fc5c08], resourceBasePath = 'src/main/webapp', contextLoader = 'org.springframework.boot.test.context.SpringBootContextLoader', parent = [null]], attributes = map['org.springframework.test.context.web.ServletTestExecutionListener.activateListener' -> false]]].
14:27:44.499 [Test worker] DEBUG org.springframework.test.context.support.TestPropertySourceUtils - Adding inlined properties to environment: {spring.jmx.enabled=false, org.springframework.boot.test.context.SpringBootTestContextBootstrapper=true, server.port=0}

  .   ____          _            __ _ _
 /\\ / ___'_ __ _ _(_)_ __  __ _ \ \ \ \
( ( )\___ | '_ | '_| | '_ \/ _` | \ \ \ \
 \\/  ___)| |_)| | | | | || (_| |  ) ) ) )
  '  |____| .__|_| |_|_| |_\__, | / / / /
 =========|_|==============|___/=/_/_/_/
 :: Spring Boot ::        (v2.1.9.RELEASE)

2020-11-29 14:27:45.635  INFO 10508 --- [    Test worker] o.s.h.s.web.IndexControllerTest          : Starting IndexControllerTest on DESKTOP-U41GKO3 with PID 10508 (started by W24876 in C:\workspace\HelloSpringBootAgain)
2020-11-29 14:27:45.636  INFO 10508 --- [    Test worker] o.s.h.s.web.IndexControllerTest          : No active profile set, falling back to default profiles: default
2020-11-29 14:27:46.665  INFO 10508 --- [    Test worker] .s.d.r.c.RepositoryConfigurationDelegate : Bootstrapping Spring Data repositories in DEFAULT mode.
2020-11-29 14:27:46.765  INFO 10508 --- [    Test worker] .s.d.r.c.RepositoryConfigurationDelegate : Finished Spring Data repository scanning in 86ms. Found 1 repository interfaces.
2020-11-29 14:27:47.192  INFO 10508 --- [    Test worker] trationDelegate$BeanPostProcessorChecker : Bean 'org.springframework.transaction.annotation.ProxyTransactionManagementConfiguration' of type [org.springframework.transaction.annotation.ProxyTransactionManagementConfiguration$$EnhancerBySpringCGLIB$$a94711e2] is not eligible for getting processed by all BeanPostProcessors (for example: not eligible for auto-proxying)
2020-11-29 14:27:47.664  INFO 10508 --- [    Test worker] o.s.b.w.embedded.tomcat.TomcatWebServer  : Tomcat initialized with port(s): 0 (http)
2020-11-29 14:27:47.700  INFO 10508 --- [    Test worker] o.apache.catalina.core.StandardService   : Starting service [Tomcat]
2020-11-29 14:27:47.700  INFO 10508 --- [    Test worker] org.apache.catalina.core.StandardEngine  : Starting Servlet engine: [Apache Tomcat/9.0.26]
2020-11-29 14:27:48.019  INFO 10508 --- [    Test worker] o.a.c.c.C.[Tomcat].[localhost].[/]       : Initializing Spring embedded WebApplicationContext
2020-11-29 14:27:48.020  INFO 10508 --- [    Test worker] o.s.web.context.ContextLoader            : Root WebApplicationContext: initialization completed in 2358 ms
2020-11-29 14:27:48.489  INFO 10508 --- [    Test worker] com.zaxxer.hikari.HikariDataSource       : HikariPool-1 - Starting...
2020-11-29 14:27:48.737  INFO 10508 --- [    Test worker] com.zaxxer.hikari.HikariDataSource       : HikariPool-1 - Start completed.
2020-11-29 14:27:48.867  INFO 10508 --- [    Test worker] o.hibernate.jpa.internal.util.LogHelper  : HHH000204: Processing PersistenceUnitInfo [
	name: default
	...]
2020-11-29 14:27:49.052  INFO 10508 --- [    Test worker] org.hibernate.Version                    : HHH000412: Hibernate Core {5.3.12.Final}
2020-11-29 14:27:49.059  INFO 10508 --- [    Test worker] org.hibernate.cfg.Environment            : HHH000206: hibernate.properties not found
2020-11-29 14:27:50.027  INFO 10508 --- [    Test worker] o.hibernate.annotations.common.Version   : HCANN000001: Hibernate Commons Annotations {5.0.4.Final}
2020-11-29 14:27:50.284  INFO 10508 --- [    Test worker] org.hibernate.dialect.Dialect            : HHH000400: Using dialect: org.hibernate.dialect.MySQL5InnoDBDialect
Hibernate: drop table if exists posts
Hibernate: create table posts (id bigint not null auto_increment, created_date datetime, modified_date datetime, author varchar(255), content TEXT not null, title varchar(500) not null, primary key (id)) engine=InnoDB
2020-11-29 14:27:51.276  INFO 10508 --- [    Test worker] o.h.t.schema.internal.SchemaCreatorImpl  : HHH000476: Executing import script 'org.hibernate.tool.schema.internal.exec.ScriptSourceInputNonExistentImpl@5f534698'
2020-11-29 14:27:51.279  INFO 10508 --- [    Test worker] j.LocalContainerEntityManagerFactoryBean : Initialized JPA EntityManagerFactory for persistence unit 'default'
2020-11-29 14:27:52.442  INFO 10508 --- [    Test worker] o.s.s.concurrent.ThreadPoolTaskExecutor  : Initializing ExecutorService 'applicationTaskExecutor'
2020-11-29 14:27:52.546  WARN 10508 --- [    Test worker] aWebConfiguration$JpaWebMvcConfiguration : spring.jpa.open-in-view is enabled by default. Therefore, database queries may be performed during view rendering. Explicitly configure spring.jpa.open-in-view to disable this warning
2020-11-29 14:27:52.611  INFO 10508 --- [    Test worker] o.s.b.a.w.s.WelcomePageHandlerMapping    : Adding welcome page template: index
2020-11-29 14:27:53.186  INFO 10508 --- [    Test worker] o.s.b.w.embedded.tomcat.TomcatWebServer  : Tomcat started on port(s): 13070 (http) with context path ''
2020-11-29 14:27:53.196  INFO 10508 --- [    Test worker] o.s.h.s.web.IndexControllerTest          : Started IndexControllerTest in 8.687 seconds (JVM running for 10.642)
2020-11-29 14:27:53.526  INFO 10508 --- [o-auto-1-exec-2] o.a.c.c.C.[Tomcat].[localhost].[/]       : Initializing Spring DispatcherServlet 'dispatcherServlet'
2020-11-29 14:27:53.526  INFO 10508 --- [o-auto-1-exec-2] o.s.web.servlet.DispatcherServlet        : Initializing Servlet 'dispatcherServlet'
2020-11-29 14:27:53.555  INFO 10508 --- [o-auto-1-exec-2] o.s.web.servlet.DispatcherServlet        : Completed initialization in 28 ms
]]></system-out>
  <system-err><![CDATA[]]></system-err>
</testsuite>
