<?xml version="1.0" encoding="UTF-8"?>
<testsuite name="org.sunovivid.hellospringbootagain.springboot.web.dto.HelloResponseDtoTest" tests="1" skipped="0" failures="0" errors="0" timestamp="2020-12-05T07:56:20" hostname="DESKTOP-4SCM2UR" time="0.118">
  <properties/>
  <testcase name="롬북_기능_테스트" classname="org.sunovivid.hellospringbootagain.springboot.web.dto.HelloResponseDtoTest" time="0.118"/>
  <system-out><![CDATA[]]></system-out>
  <system-err><![CDATA[]]></system-err>
</testsuite>
